Downloads/AnuDashboardOfProcess/app/build/outputs/logs/manifest-merger-debug-report.txt
-- Merging decision tree log ---
manifest
ADDED from src/main/AndroidManifest.xml:2:1-104:12
	xmlns:android
		ADDED from src/main/AndroidManifest.xml:2:11-69
	package
		ADDED from src/main/AndroidManifest.xml:3:2-37
		INJECTED from src/main/AndroidManifest.xml
		INJECTED from src/main/AndroidManifest.xml
	android:versionName
		ADDED from src/main/AndroidManifest.xml:4:27-54
		INJECTED from src/main/AndroidManifest.xml
		INJECTED from src/main/AndroidManifest.xml
	android:versionCode
		ADDED from src/main/AndroidManifest.xml:4:2-26
		INJECTED from src/main/AndroidManifest.xml
		INJECTED from src/main/AndroidManifest.xml
	android:installLocation
		ADDED from src/main/AndroidManifest.xml:3:38-68
application
ADDED from src/main/AndroidManifest.xml:6:2-82:16
	android:label
		ADDED from src/main/AndroidManifest.xml:6:55-95
	android:icon
		ADDED from src/main/AndroidManifest.xml:6:15-54
	android:hardwareAccelerated
		ADDED from src/main/AndroidManifest.xml:6:96-130
activity#com.android.anu.dashboard.QSystemInfo
ADDED from src/main/AndroidManifest.xml:7:3-13:14
	android:label
		ADDED from src/main/AndroidManifest.xml:7:41-81
	android:configChanges
		ADDED from src/main/AndroidManifest.xml:8:4-54
	android:name
		ADDED from src/main/AndroidManifest.xml:7:13-40
intent-filter#android.intent.action.MAIN+android.intent.category.LAUNCHER
ADDED from src/main/AndroidManifest.xml:9:4-12:20
action#android.intent.action.MAIN
ADDED from src/main/AndroidManifest.xml:10:5-57
	android:name
		ADDED from src/main/AndroidManifest.xml:10:13-54
category#android.intent.category.LAUNCHER
ADDED from src/main/AndroidManifest.xml:11:5-65
	android:name
		ADDED from src/main/AndroidManifest.xml:11:15-62
activity#com.android.anu.dashboard.SysInfoManager
ADDED from src/main/AndroidManifest.xml:14:3-15:66
	android:configChanges
		ADDED from src/main/AndroidManifest.xml:15:4-54
	android:name
		ADDED from src/main/AndroidManifest.xml:14:13-43
activity#com.android.anu.dashboard.SysInfoManager$InfoSettings
ADDED from src/main/AndroidManifest.xml:16:3-17:59
	android:configChanges
		ADDED from src/main/AndroidManifest.xml:16:13-63
	android:name
		ADDED from src/main/AndroidManifest.xml:17:4-47
activity#com.android.anu.dashboard.LogViewer
ADDED from src/main/AndroidManifest.xml:18:3-19:41
	android:configChanges
		ADDED from src/main/AndroidManifest.xml:18:13-63
	android:name
		ADDED from src/main/AndroidManifest.xml:19:4-29
activity#com.android.anu.dashboard.LogViewer$LogSettings
ADDED from src/main/AndroidManifest.xml:20:3-21:53
	android:configChanges
		ADDED from src/main/AndroidManifest.xml:20:13-63
	android:name
		ADDED from src/main/AndroidManifest.xml:21:4-41
activity#com.android.anu.dashboard.ApplicationManager
ADDED from src/main/AndroidManifest.xml:22:3-23:66
	android:configChanges
		ADDED from src/main/AndroidManifest.xml:23:4-54
	android:name
		ADDED from src/main/AndroidManifest.xml:22:13-47
activity#com.android.anu.dashboard.ApplicationManager$AppSettings
ADDED from src/main/AndroidManifest.xml:24:3-25:66
	android:configChanges
		ADDED from src/main/AndroidManifest.xml:25:4-54
	android:name
		ADDED from src/main/AndroidManifest.xml:24:13-59
activity#com.android.anu.dashboard.ProcessManager
ADDED from src/main/AndroidManifest.xml:26:3-27:66
	android:configChanges
		ADDED from src/main/AndroidManifest.xml:27:4-54
	android:name
		ADDED from src/main/AndroidManifest.xml:26:13-43
activity#com.android.anu.dashboard.ProcessManager$ProcessSettings
ADDED from src/main/AndroidManifest.xml:28:3-29:66
	android:configChanges
		ADDED from src/main/AndroidManifest.xml:29:4-54
	android:name
		ADDED from src/main/AndroidManifest.xml:28:13-59
activity#com.android.anu.dashboard.PastProcessManager
ADDED from src/main/AndroidManifest.xml:30:3-31:66
	android:configChanges
		ADDED from src/main/AndroidManifest.xml:31:4-54
	android:name
		ADDED from src/main/AndroidManifest.xml:30:13-47
activity#com.android.anu.dashboard.PastProcessManager$ProcessSettings
ADDED from src/main/AndroidManifest.xml:32:3-33:66
	android:configChanges
		ADDED from src/main/AndroidManifest.xml:33:4-54
	android:name
		ADDED from src/main/AndroidManifest.xml:32:13-63
activity#com.android.anu.dashboard.NetStateManager
ADDED from src/main/AndroidManifest.xml:34:3-35:66
	android:configChanges
		ADDED from src/main/AndroidManifest.xml:35:4-54
	android:name
		ADDED from src/main/AndroidManifest.xml:34:13-44
activity#com.android.anu.dashboard.NetStateManager$NetStateSettings
ADDED from src/main/AndroidManifest.xml:36:3-37:66
	android:configChanges
		ADDED from src/main/AndroidManifest.xml:37:4-54
	android:name
		ADDED from src/main/AndroidManifest.xml:36:13-61
activity#com.android.anu.dashboard.BatteryInfoActivity
ADDED from src/main/AndroidManifest.xml:38:3-39:95
	android:configChanges
		ADDED from src/main/AndroidManifest.xml:38:13-63
	android:theme
		ADDED from src/main/AndroidManifest.xml:39:40-83
	android:name
		ADDED from src/main/AndroidManifest.xml:39:4-39
activity#com.android.anu.dashboard.SensorInfoActivity
ADDED from src/main/AndroidManifest.xml:40:3-41:94
	android:configChanges
		ADDED from src/main/AndroidManifest.xml:40:13-63
	android:theme
		ADDED from src/main/AndroidManifest.xml:41:39-82
	android:name
		ADDED from src/main/AndroidManifest.xml:41:4-38
activity#com.android.anu.dashboard.CpuInfoActivity
ADDED from src/main/AndroidManifest.xml:42:3-43:110
	android:configChanges
		ADDED from src/main/AndroidManifest.xml:43:4-54
	android:theme
		ADDED from src/main/AndroidManifest.xml:43:55-98
	android:name
		ADDED from src/main/AndroidManifest.xml:42:13-44
activity#com.android.anu.dashboard.MemInfoActivity
ADDED from src/main/AndroidManifest.xml:44:3-45:110
	android:configChanges
		ADDED from src/main/AndroidManifest.xml:45:4-54
	android:theme
		ADDED from src/main/AndroidManifest.xml:45:55-98
	android:name
		ADDED from src/main/AndroidManifest.xml:44:13-44
activity#com.android.anu.dashboard.NetworkInfoActivity
ADDED from src/main/AndroidManifest.xml:46:3-47:110
	android:configChanges
		ADDED from src/main/AndroidManifest.xml:47:4-54
	android:theme
		ADDED from src/main/AndroidManifest.xml:47:55-98
	android:name
		ADDED from src/main/AndroidManifest.xml:46:13-48
activity#com.android.anu.dashboard.RestoreAppActivity
ADDED from src/main/AndroidManifest.xml:48:3-49:66
	android:configChanges
		ADDED from src/main/AndroidManifest.xml:49:4-54
	android:name
		ADDED from src/main/AndroidManifest.xml:48:13-47
activity#com.android.anu.dashboard.RestoreAppActivity$RestoreAppSettings
ADDED from src/main/AndroidManifest.xml:50:3-51:66
	android:configChanges
		ADDED from src/main/AndroidManifest.xml:51:4-54
	android:name
		ADDED from src/main/AndroidManifest.xml:50:13-66
activity#com.android.anu.dashboard.QSystemInfo$ErrorReportActivity
ADDED from src/main/AndroidManifest.xml:52:3-53:66
	android:configChanges
		ADDED from src/main/AndroidManifest.xml:53:4-54
	android:name
		ADDED from src/main/AndroidManifest.xml:52:13-60
receiver#com.android.anu.dashboard.WidgetProvider
ADDED from src/main/AndroidManifest.xml:54:3-60:14
	android:label
		ADDED from src/main/AndroidManifest.xml:54:44-83
	android:name
		ADDED from src/main/AndroidManifest.xml:54:13-43
intent-filter#android.appwidget.action.APPWIDGET_UPDATE
ADDED from src/main/AndroidManifest.xml:55:4-57:20
action#android.appwidget.action.APPWIDGET_UPDATE
ADDED from src/main/AndroidManifest.xml:56:5-79
	android:name
		ADDED from src/main/AndroidManifest.xml:56:13-69
meta-data#android.appwidget.provider
ADDED from src/main/AndroidManifest.xml:58:4-59:59
	android:resource
		ADDED from src/main/AndroidManifest.xml:58:15-54
	android:name
		ADDED from src/main/AndroidManifest.xml:59:5-46
receiver#com.android.anu.dashboard.WidgetProvider$TaskWidget
ADDED from src/main/AndroidManifest.xml:61:3-68:14
	android:label
		ADDED from src/main/AndroidManifest.xml:62:33-73
	android:icon
		ADDED from src/main/AndroidManifest.xml:62:4-32
	android:name
		ADDED from src/main/AndroidManifest.xml:61:13-54
receiver#com.android.anu.dashboard.WidgetProvider$InfoWidget
ADDED from src/main/AndroidManifest.xml:69:3-75:14
	android:name
		ADDED from src/main/AndroidManifest.xml:69:13-54
service#com.android.anu.dashboard.WidgetProvider$EndTaskService
ADDED from src/main/AndroidManifest.xml:76:3-68
	android:name
		ADDED from src/main/AndroidManifest.xml:76:12-57
receiver#com.android.anu.dashboard.QSystemInfo$BootReceiver
ADDED from src/main/AndroidManifest.xml:77:3-81:14
	android:name
		ADDED from src/main/AndroidManifest.xml:77:13-53
intent-filter#android.intent.action.BOOT_COMPLETED
ADDED from src/main/AndroidManifest.xml:78:4-80:20
action#android.intent.action.BOOT_COMPLETED
ADDED from src/main/AndroidManifest.xml:79:5-74
	android:name
		ADDED from src/main/AndroidManifest.xml:79:13-64
uses-sdk
ADDED from src/main/AndroidManifest.xml:84:5-72
	android:targetSdkVersion
		ADDED from src/main/AndroidManifest.xml:84:41-70
		INJECTED from src/main/AndroidManifest.xml
		INJECTED from src/main/AndroidManifest.xml
	android:minSdkVersion
		ADDED from src/main/AndroidManifest.xml:84:15-40
		INJECTED from src/main/AndroidManifest.xml
		INJECTED from src/main/AndroidManifest.xml
uses-feature#android.hardware.wifi
ADDED from src/main/AndroidManifest.xml:86:5-82
	android:required
		ADDED from src/main/AndroidManifest.xml:86:19-43
	android:name
		ADDED from src/main/AndroidManifest.xml:86:44-80
uses-feature#android.hardware.touchscreen
ADDED from src/main/AndroidManifest.xml:87:5-89
	android:required
		ADDED from src/main/AndroidManifest.xml:87:19-43
	android:name
		ADDED from src/main/AndroidManifest.xml:87:44-87
uses-permission#android.permission.GET_PACKAGE_SIZE
ADDED from src/main/AndroidManifest.xml:89:2-88
	android:name
		ADDED from src/main/AndroidManifest.xml:89:19-69
uses-permission#android.permission.GET_TASKS
ADDED from src/main/AndroidManifest.xml:90:2-81
	android:name
		ADDED from src/main/AndroidManifest.xml:90:19-62
uses-permission#android.permission.RESTART_PACKAGES
ADDED from src/main/AndroidManifest.xml:91:2-88
	android:name
		ADDED from src/main/AndroidManifest.xml:91:19-69
uses-permission#android.permission.INTERNET
ADDED from src/main/AndroidManifest.xml:92:2-80
	android:name
		ADDED from src/main/AndroidManifest.xml:92:19-61
uses-permission#android.permission.READ_LOGS
ADDED from src/main/AndroidManifest.xml:93:2-81
	android:name
		ADDED from src/main/AndroidManifest.xml:93:19-62
uses-permission#android.permission.ACCESS_NETWORK_STATE
ADDED from src/main/AndroidManifest.xml:94:2-92
	android:name
		ADDED from src/main/AndroidManifest.xml:94:19-73
uses-permission#android.permission.WRITE_EXTERNAL_STORAGE
ADDED from src/main/AndroidManifest.xml:95:2-94
	android:name
		ADDED from src/main/AndroidManifest.xml:95:19-75
uses-permission#android.permission.RECEIVE_BOOT_COMPLETED
ADDED from src/main/AndroidManifest.xml:96:2-94
	android:name
		ADDED from src/main/AndroidManifest.xml:96:19-75
uses-permission#android.permission.ACCESS_WIFI_STATE
ADDED from src/main/AndroidManifest.xml:97:2-89
	android:name
		ADDED from src/main/AndroidManifest.xml:97:19-70
supports-screens
ADDED from src/main/AndroidManifest.xml:99:2-102:51
	android:resizeable
		ADDED from src/main/AndroidManifest.xml:101:29-54
	android:largeScreens
		ADDED from src/main/AndroidManifest.xml:100:3-30
	android:anyDensity
		ADDED from src/main/AndroidManifest.xml:101:3-28
	android:normalScreens
		ADDED from src/main/AndroidManifest.xml:100:31-59
	android:xlargeScreens
		ADDED from src/main/AndroidManifest.xml:102:3-31
	android:smallScreens
		ADDED from src/main/AndroidManifest.xml:99:20-47